<?xml version="1.0" encoding="utf-8"?><testsuites name="pytest tests"><testsuite name="pytest" errors="0" failures="0" skipped="0" tests="16" time="2.361" timestamp="2026-02-22T17:19:34.722949+00:00" hostname="agent-env-9e1e8409-4782-47df-aa54-7dfb5a27f87b"><testcase classname="backend.tests.test_formulaw_api.TestUtilityAPIs" name="test_get_cities" time="0.231" /><testcase classname="backend.tests.test_formulaw_api.TestUtilityAPIs" name="test_get_law_types" time="0.061" /><testcase classname="backend.tests.test_formulaw_api.TestUtilityAPIs" name="test_get_languages" time="0.051" /><testcase classname="backend.tests.test_formulaw_api.TestAuthAPIs" name="test_send_otp_client" time="0.066" /><testcase classname="backend.tests.test_formulaw_api.TestAuthAPIs" name="test_send_otp_admin" time="0.214" /><testcase classname="backend.tests.test_formulaw_api.TestAuthAPIs" name="test_verify_otp_invalid" time="0.205" /><testcase classname="backend.tests.test_formulaw_api.TestAuthAPIs" name="test_get_me_unauthorized" time="0.063" /><testcase classname="backend.tests.test_formulaw_api.TestAdvocateRegistration" name="test_register_advocate" time="0.223" /><testcase classname="backend.tests.test_formulaw_api.TestAdvocateRegistration" name="test_register_advocate_duplicate" time="0.083" /><testcase classname="backend.tests.test_formulaw_api.TestWalletAPIs" name="test_wallet_unauthorized" time="0.125" /><testcase classname="backend.tests.test_formulaw_api.TestWalletAPIs" name="test_wallet_topup_unauthorized" time="0.057" /><testcase classname="backend.tests.test_formulaw_api.TestClientAdvocatesAPIs" name="test_advocates_list_unauthorized" time="0.129" /><testcase classname="backend.tests.test_formulaw_api.TestAdminAPIs" name="test_admin_pending_advocates_unauthorized" time="0.073" /><testcase classname="backend.tests.test_formulaw_api.TestAdminAPIs" name="test_admin_analytics_unauthorized" time="0.060" /><testcase classname="backend.tests.test_formulaw_api.TestWebhookAPIs" name="test_twilio_webhook" time="0.060" /><testcase classname="backend.tests.test_formulaw_api.TestWebhookAPIs" name="test_razorpay_webhook" time="0.051" /></testsuite></testsuites>